This file contains any messages produced by compilers while
running configure, to aid debugging if configure makes a mistake.

It was created by sqlite configure 3.6.23.1, which was
generated by GNU Autoconf 2.69.  Invocation command line was

  $ ./configure --host=arm-vita-eabi --prefix=/usr/local/vitasdk/arm-vita-eabi --enable-static=yes --enable-shared=no

## --------- ##
## Platform. ##
## --------- ##

hostname = cyee-Precision-7520
uname -m = x86_64
uname -r = 5.4.0-42-generic
uname -s = Linux
uname -v = #46-Ubuntu SMP Fri Jul 10 00:24:02 UTC 2020

/usr/bin/uname -p = unknown
/bin/uname -X     = unknown

/bin/arch              = unknown
/usr/bin/arch -k       = unknown
/usr/convex/getsysinfo = unknown
/usr/bin/hostinfo      = unknown
/bin/machine           = unknown
/usr/bin/oslevel       = unknown
/bin/universe          = unknown

PATH: /opt/devkitpro/tools/bin
PATH: /usr/local/vitasdk/bin
PATH: /home/cyee/bin
PATH: /home/cyee/.local/bin
PATH: /home/cyee/bin
PATH: /opt/devkitpro/tools/bin
PATH: /usr/local/sbin
PATH: /usr/local/bin
PATH: /usr/sbin
PATH: /usr/bin
PATH: /sbin
PATH: /bin
PATH: /usr/games
PATH: /usr/local/games
PATH: /snap/bin
PATH: /home/cyee/.dotnet/tools


## ----------- ##
## Core tests. ##
## ----------- ##

configure:2614: checking for a BSD-compatible install
configure:2682: result: /usr/bin/install -c
configure:2693: checking whether build environment is sane
configure:2730: result: yes
configure:2792: checking for gawk
configure:2808: found /usr/bin/gawk
configure:2819: result: gawk
configure:2830: checking whether make sets $(MAKE)
configure:2852: result: yes
configure:2926: checking for arm-vita-eabi-strip
configure:2942: found /usr/local/vitasdk/bin/arm-vita-eabi-strip
configure:2953: result: arm-vita-eabi-strip
configure:3043: checking for style of include used by make
configure:3071: result: GNU
configure:3104: checking for arm-vita-eabi-gcc
configure:3131: result: /usr/local/vitasdk/bin/arm-vita-eabi-gcc
configure:3400: checking for C compiler version
configure:3409: /usr/local/vitasdk/bin/arm-vita-eabi-gcc --version >&5
arm-vita-eabi-gcc (GNU Tools for ARM Embedded Processors) 10.1.0
Copyright (C) 2020 Free Software Foundation, Inc.
This is free software; see the source for copying conditions.  There is NO
warranty; not even for MERCHANTABILITY or FITNESS FOR A PARTICULAR PURPOSE.

configure:3420: $? = 0
configure:3409: /usr/local/vitasdk/bin/arm-vita-eabi-gcc -v >&5
Using built-in specs.
COLLECT_GCC=/usr/local/vitasdk/bin/arm-vita-eabi-gcc
COLLECT_LTO_WRAPPER=/usr/local/vitasdk/bin/../lib/gcc/arm-vita-eabi/10.1.0/lto-wrapper
Target: arm-vita-eabi
Configured with: /home/travis/build/vitasdk/autobuilds/buildscripts/build/gcc-final-prefix/src/gcc-final/configure --build=x86_64-linux-gnu --host=x86_64-linux-gnu --target=arm-vita-eabi --prefix=/home/travis/build/vitasdk/autobuilds/buildscripts/build/vitasdk --libdir=/home/travis/build/vitasdk/autobuilds/buildscripts/build/vitasdk/lib --libexecdir=/home/travis/build/vitasdk/autobuilds/buildscripts/build/vitasdk/lib --with-sysroot=/home/travis/build/vitasdk/autobuilds/buildscripts/build/vitasdk/arm-vita-eabi --with-gmp=/home/travis/build/vitasdk/autobuilds/buildscripts/build/deps_build --with-mpfr=/home/travis/build/vitasdk/autobuilds/buildscripts/build/deps_build --with-mpc=/home/travis/build/vitasdk/autobuilds/buildscripts/build/deps_build --with-isl=/home/travis/build/vitasdk/autobuilds/buildscripts/build/deps_build --with-libelf=/home/travis/build/vitasdk/autobuilds/buildscripts/build/deps_build --with-python-dir=share/gcc-arm-vita-eabi --enable-languages=c,c++ --disable-decimal-float --disable-libffi --disable-libgomp --disable-libmudflap --disable-libquadmath --disable-libssp --disable-libstdcxx-pch --disable-nls --disable-shared --disable-tls --with-gnu-as --with-gnu-ld --with-newlib --disable-multilib --with-arch=armv7-a --with-tune=cortex-a9 --with-fpu=neon --with-float=hard --with-mode=thumb --with-pkgversion='GNU Tools for ARM Embedded Processors' --with-host-libstdcxx='-static-libgcc -Wl,-Bstatic,-lstdc++,-Bdynamic -lm' --with-headers=yes --enable-threads=posix CFLAGS=-DNO_IMPLICIT_EXTERN_C CXXFLAGS=-DNO_IMPLICIT_EXTERN_C
Thread model: posix
Supported LTO compression algorithms: zlib
gcc version 10.1.0 (GNU Tools for ARM Embedded Processors) 
configure:3420: $? = 0
configure:3409: /usr/local/vitasdk/bin/arm-vita-eabi-gcc -V >&5
arm-vita-eabi-gcc: error: unrecognized command-line option '-V'
arm-vita-eabi-gcc: fatal error: no input files
compilation terminated.
configure:3420: $? = 1
configure:3409: /usr/local/vitasdk/bin/arm-vita-eabi-gcc -qversion >&5
arm-vita-eabi-gcc: error: unrecognized command-line option '-qversion'; did you mean '--version'?
arm-vita-eabi-gcc: fatal error: no input files
compilation terminated.
configure:3420: $? = 1
configure:3440: checking whether the C compiler works
configure:3462: /usr/local/vitasdk/bin/arm-vita-eabi-gcc    conftest.c  >&5
configure:3466: $? = 0
configure:3514: result: yes
configure:3517: checking for C compiler default output file name
configure:3519: result: a.out
configure:3525: checking for suffix of executables
configure:3532: /usr/local/vitasdk/bin/arm-vita-eabi-gcc -o conftest    conftest.c  >&5
configure:3536: $? = 0
configure:3558: result: 
configure:3580: checking whether we are cross compiling
configure:3588: /usr/local/vitasdk/bin/arm-vita-eabi-gcc -o conftest    conftest.c  >&5
configure:3592: $? = 0
configure:3599: ./conftest
./configure: line 3601: ./conftest: cannot execute binary file: Exec format error
configure:3603: $? = 126
configure:3591: result: yes
configure:3596: checking for suffix of object files
configure:3618: /usr/local/vitasdk/bin/arm-vita-eabi-gcc -c   conftest.c >&5
configure:3622: $? = 0
configure:3643: result: o
configure:3647: checking whether we are using the GNU C compiler
configure:3666: /usr/local/vitasdk/bin/arm-vita-eabi-gcc -c   conftest.c >&5
configure:3666: $? = 0
configure:3675: result: yes
configure:3684: checking whether /usr/local/vitasdk/bin/arm-vita-eabi-gcc accepts -g
configure:3704: /usr/local/vitasdk/bin/arm-vita-eabi-gcc -c -g  conftest.c >&5
configure:3704: $? = 0
configure:3745: result: yes
configure:3762: checking for /usr/local/vitasdk/bin/arm-vita-eabi-gcc option to accept ISO C89
configure:3825: /usr/local/vitasdk/bin/arm-vita-eabi-gcc  -c -g -O2  conftest.c >&5
configure:3825: $? = 0
configure:3838: result: none needed
configure:3860: checking dependency style of /usr/local/vitasdk/bin/arm-vita-eabi-gcc
configure:3950: result: gcc3
configure:3975: checking for special C compiler options needed for large files
configure:4020: result: no
configure:4026: checking for _FILE_OFFSET_BITS value needed for large files
configure:4051: /usr/local/vitasdk/bin/arm-vita-eabi-gcc -c -g -O2  conftest.c >&5
conftest.c:16:41: warning: result of '-2147483648 << 31' requires 63 bits to represent, but 'long int' only has 32 bits [-Wshift-overflow=]
   16 | #define LARGE_OFF_T ((((off_t) 1 << 31) << 31) - 1 + (((off_t) 1 << 31) << 31))
      |                                         ^~
conftest.c:17:23: note: in expansion of macro 'LARGE_OFF_T'
   17 |   int off_t_is_large[(LARGE_OFF_T % 2147483629 == 721
      |                       ^~~~~~~~~~~
conftest.c:16:73: warning: result of '-2147483648 << 31' requires 63 bits to represent, but 'long int' only has 32 bits [-Wshift-overflow=]
   16 | #define LARGE_OFF_T ((((off_t) 1 << 31) << 31) - 1 + (((off_t) 1 << 31) << 31))
      |                                                                         ^~
conftest.c:17:23: note: in expansion of macro 'LARGE_OFF_T'
   17 |   int off_t_is_large[(LARGE_OFF_T % 2147483629 == 721
      |                       ^~~~~~~~~~~
conftest.c:16:41: warning: result of '-2147483648 << 31' requires 63 bits to represent, but 'long int' only has 32 bits [-Wshift-overflow=]
   16 | #define LARGE_OFF_T ((((off_t) 1 << 31) << 31) - 1 + (((off_t) 1 << 31) << 31))
      |                                         ^~
conftest.c:18:13: note: in expansion of macro 'LARGE_OFF_T'
   18 |          && LARGE_OFF_T % 2147483647 == 1)
      |             ^~~~~~~~~~~
conftest.c:16:73: warning: result of '-2147483648 << 31' requires 63 bits to represent, but 'long int' only has 32 bits [-Wshift-overflow=]
   16 | #define LARGE_OFF_T ((((off_t) 1 << 31) << 31) - 1 + (((off_t) 1 << 31) << 31))
      |                                                                         ^~
conftest.c:18:13: note: in expansion of macro 'LARGE_OFF_T'
   18 |          && LARGE_OFF_T % 2147483647 == 1)
      |             ^~~~~~~~~~~
conftest.c:17:7: error: variably modified 'off_t_is_large' at file scope
   17 |   int off_t_is_large[(LARGE_OFF_T % 2147483629 == 721
      |       ^~~~~~~~~~~~~~
configure:4051: $? = 1
configure: failed program was:
| /* confdefs.h */
| #define PACKAGE_NAME "sqlite"
| #define PACKAGE_TARNAME "sqlite"
| #define PACKAGE_VERSION "3.6.23.1"
| #define PACKAGE_STRING "sqlite 3.6.23.1"
| #define PACKAGE_BUGREPORT "http://www.sqlite.org"
| #define PACKAGE_URL ""
| #define PACKAGE "sqlite"
| #define VERSION "3.6.23.1"
| /* end confdefs.h.  */
| #include <sys/types.h>
|  /* Check that off_t can represent 2**63 - 1 correctly.
|     We can't simply define LARGE_OFF_T to be 9223372036854775807,
|     since some C++ compilers masquerading as C compilers
|     incorrectly reject 9223372036854775807.  */
| #define LARGE_OFF_T ((((off_t) 1 << 31) << 31) - 1 + (((off_t) 1 << 31) << 31))
|   int off_t_is_large[(LARGE_OFF_T % 2147483629 == 721
| 		       && LARGE_OFF_T % 2147483647 == 1)
| 		      ? 1 : -1];
| int
| main ()
| {
| 
|   ;
|   return 0;
| }
configure:4075: /usr/local/vitasdk/bin/arm-vita-eabi-gcc -c -g -O2  conftest.c >&5
conftest.c:17:41: warning: result of '-2147483648 << 31' requires 63 bits to represent, but 'long int' only has 32 bits [-Wshift-overflow=]
   17 | #define LARGE_OFF_T ((((off_t) 1 << 31) << 31) - 1 + (((off_t) 1 << 31) << 31))
      |                                         ^~
conftest.c:18:23: note: in expansion of macro 'LARGE_OFF_T'
   18 |   int off_t_is_large[(LARGE_OFF_T % 2147483629 == 721
      |                       ^~~~~~~~~~~
conftest.c:17:73: warning: result of '-2147483648 << 31' requires 63 bits to represent, but 'long int' only has 32 bits [-Wshift-overflow=]
   17 | #define LARGE_OFF_T ((((off_t) 1 << 31) << 31) - 1 + (((off_t) 1 << 31) << 31))
      |                                                                         ^~
conftest.c:18:23: note: in expansion of macro 'LARGE_OFF_T'
   18 |   int off_t_is_large[(LARGE_OFF_T % 2147483629 == 721
      |                       ^~~~~~~~~~~
conftest.c:17:41: warning: result of '-2147483648 << 31' requires 63 bits to represent, but 'long int' only has 32 bits [-Wshift-overflow=]
   17 | #define LARGE_OFF_T ((((off_t) 1 << 31) << 31) - 1 + (((off_t) 1 << 31) << 31))
      |                                         ^~
conftest.c:19:13: note: in expansion of macro 'LARGE_OFF_T'
   19 |          && LARGE_OFF_T % 2147483647 == 1)
      |             ^~~~~~~~~~~
conftest.c:17:73: warning: result of '-2147483648 << 31' requires 63 bits to represent, but 'long int' only has 32 bits [-Wshift-overflow=]
   17 | #define LARGE_OFF_T ((((off_t) 1 << 31) << 31) - 1 + (((off_t) 1 << 31) << 31))
      |                                                                         ^~
conftest.c:19:13: note: in expansion of macro 'LARGE_OFF_T'
   19 |          && LARGE_OFF_T % 2147483647 == 1)
      |             ^~~~~~~~~~~
conftest.c:18:7: error: variably modified 'off_t_is_large' at file scope
   18 |   int off_t_is_large[(LARGE_OFF_T % 2147483629 == 721
      |       ^~~~~~~~~~~~~~
configure:4075: $? = 1
configure: failed program was:
| /* confdefs.h */
| #define PACKAGE_NAME "sqlite"
| #define PACKAGE_TARNAME "sqlite"
| #define PACKAGE_VERSION "3.6.23.1"
| #define PACKAGE_STRING "sqlite 3.6.23.1"
| #define PACKAGE_BUGREPORT "http://www.sqlite.org"
| #define PACKAGE_URL ""
| #define PACKAGE "sqlite"
| #define VERSION "3.6.23.1"
| /* end confdefs.h.  */
| #define _FILE_OFFSET_BITS 64
| #include <sys/types.h>
|  /* Check that off_t can represent 2**63 - 1 correctly.
|     We can't simply define LARGE_OFF_T to be 9223372036854775807,
|     since some C++ compilers masquerading as C compilers
|     incorrectly reject 9223372036854775807.  */
| #define LARGE_OFF_T ((((off_t) 1 << 31) << 31) - 1 + (((off_t) 1 << 31) << 31))
|   int off_t_is_large[(LARGE_OFF_T % 2147483629 == 721
| 		       && LARGE_OFF_T % 2147483647 == 1)
| 		      ? 1 : -1];
| int
| main ()
| {
| 
|   ;
|   return 0;
| }
configure:4083: result: unknown
configure:4095: checking for _LARGE_FILES value needed for large files
configure:4120: /usr/local/vitasdk/bin/arm-vita-eabi-gcc -c -g -O2  conftest.c >&5
conftest.c:16:41: warning: result of '-2147483648 << 31' requires 63 bits to represent, but 'long int' only has 32 bits [-Wshift-overflow=]
   16 | #define LARGE_OFF_T ((((off_t) 1 << 31) << 31) - 1 + (((off_t) 1 << 31) << 31))
      |                                         ^~
conftest.c:17:23: note: in expansion of macro 'LARGE_OFF_T'
   17 |   int off_t_is_large[(LARGE_OFF_T % 2147483629 == 721
      |                       ^~~~~~~~~~~
conftest.c:16:73: warning: result of '-2147483648 << 31' requires 63 bits to represent, but 'long int' only has 32 bits [-Wshift-overflow=]
   16 | #define LARGE_OFF_T ((((off_t) 1 << 31) << 31) - 1 + (((off_t) 1 << 31) << 31))
      |                                                                         ^~
conftest.c:17:23: note: in expansion of macro 'LARGE_OFF_T'
   17 |   int off_t_is_large[(LARGE_OFF_T % 2147483629 == 721
      |                       ^~~~~~~~~~~
conftest.c:16:41: warning: result of '-2147483648 << 31' requires 63 bits to represent, but 'long int' only has 32 bits [-Wshift-overflow=]
   16 | #define LARGE_OFF_T ((((off_t) 1 << 31) << 31) - 1 + (((off_t) 1 << 31) << 31))
      |                                         ^~
conftest.c:18:13: note: in expansion of macro 'LARGE_OFF_T'
   18 |          && LARGE_OFF_T % 2147483647 == 1)
      |             ^~~~~~~~~~~
conftest.c:16:73: warning: result of '-2147483648 << 31' requires 63 bits to represent, but 'long int' only has 32 bits [-Wshift-overflow=]
   16 | #define LARGE_OFF_T ((((off_t) 1 << 31) << 31) - 1 + (((off_t) 1 << 31) << 31))
      |                                                                         ^~
conftest.c:18:13: note: in expansion of macro 'LARGE_OFF_T'
   18 |          && LARGE_OFF_T % 2147483647 == 1)
      |             ^~~~~~~~~~~
conftest.c:17:7: error: variably modified 'off_t_is_large' at file scope
   17 |   int off_t_is_large[(LARGE_OFF_T % 2147483629 == 721
      |       ^~~~~~~~~~~~~~
configure:4120: $? = 1
configure: failed program was:
| /* confdefs.h */
| #define PACKAGE_NAME "sqlite"
| #define PACKAGE_TARNAME "sqlite"
| #define PACKAGE_VERSION "3.6.23.1"
| #define PACKAGE_STRING "sqlite 3.6.23.1"
| #define PACKAGE_BUGREPORT "http://www.sqlite.org"
| #define PACKAGE_URL ""
| #define PACKAGE "sqlite"
| #define VERSION "3.6.23.1"
| /* end confdefs.h.  */
| #include <sys/types.h>
|  /* Check that off_t can represent 2**63 - 1 correctly.
|     We can't simply define LARGE_OFF_T to be 9223372036854775807,
|     since some C++ compilers masquerading as C compilers
|     incorrectly reject 9223372036854775807.  */
| #define LARGE_OFF_T ((((off_t) 1 << 31) << 31) - 1 + (((off_t) 1 << 31) << 31))
|   int off_t_is_large[(LARGE_OFF_T % 2147483629 == 721
| 		       && LARGE_OFF_T % 2147483647 == 1)
| 		      ? 1 : -1];
| int
| main ()
| {
| 
|   ;
|   return 0;
| }
configure:4144: /usr/local/vitasdk/bin/arm-vita-eabi-gcc -c -g -O2  conftest.c >&5
conftest.c:17:41: warning: result of '-2147483648 << 31' requires 63 bits to represent, but 'long int' only has 32 bits [-Wshift-overflow=]
   17 | #define LARGE_OFF_T ((((off_t) 1 << 31) << 31) - 1 + (((off_t) 1 << 31) << 31))
      |                                         ^~
conftest.c:18:23: note: in expansion of macro 'LARGE_OFF_T'
   18 |   int off_t_is_large[(LARGE_OFF_T % 2147483629 == 721
      |                       ^~~~~~~~~~~
conftest.c:17:73: warning: result of '-2147483648 << 31' requires 63 bits to represent, but 'long int' only has 32 bits [-Wshift-overflow=]
   17 | #define LARGE_OFF_T ((((off_t) 1 << 31) << 31) - 1 + (((off_t) 1 << 31) << 31))
      |                                                                         ^~
conftest.c:18:23: note: in expansion of macro 'LARGE_OFF_T'
   18 |   int off_t_is_large[(LARGE_OFF_T % 2147483629 == 721
      |                       ^~~~~~~~~~~
conftest.c:17:41: warning: result of '-2147483648 << 31' requires 63 bits to represent, but 'long int' only has 32 bits [-Wshift-overflow=]
   17 | #define LARGE_OFF_T ((((off_t) 1 << 31) << 31) - 1 + (((off_t) 1 << 31) << 31))
      |                                         ^~
conftest.c:19:13: note: in expansion of macro 'LARGE_OFF_T'
   19 |          && LARGE_OFF_T % 2147483647 == 1)
      |             ^~~~~~~~~~~
conftest.c:17:73: warning: result of '-2147483648 << 31' requires 63 bits to represent, but 'long int' only has 32 bits [-Wshift-overflow=]
   17 | #define LARGE_OFF_T ((((off_t) 1 << 31) << 31) - 1 + (((off_t) 1 << 31) << 31))
      |                                                                         ^~
conftest.c:19:13: note: in expansion of macro 'LARGE_OFF_T'
   19 |          && LARGE_OFF_T % 2147483647 == 1)
      |             ^~~~~~~~~~~
conftest.c:18:7: error: variably modified 'off_t_is_large' at file scope
   18 |   int off_t_is_large[(LARGE_OFF_T % 2147483629 == 721
      |       ^~~~~~~~~~~~~~
configure:4144: $? = 1
configure: failed program was:
| /* confdefs.h */
| #define PACKAGE_NAME "sqlite"
| #define PACKAGE_TARNAME "sqlite"
| #define PACKAGE_VERSION "3.6.23.1"
| #define PACKAGE_STRING "sqlite 3.6.23.1"
| #define PACKAGE_BUGREPORT "http://www.sqlite.org"
| #define PACKAGE_URL ""
| #define PACKAGE "sqlite"
| #define VERSION "3.6.23.1"
| /* end confdefs.h.  */
| #define _LARGE_FILES 1
| #include <sys/types.h>
|  /* Check that off_t can represent 2**63 - 1 correctly.
|     We can't simply define LARGE_OFF_T to be 9223372036854775807,
|     since some C++ compilers masquerading as C compilers
|     incorrectly reject 9223372036854775807.  */
| #define LARGE_OFF_T ((((off_t) 1 << 31) << 31) - 1 + (((off_t) 1 << 31) << 31))
|   int off_t_is_large[(LARGE_OFF_T % 2147483629 == 721
| 		       && LARGE_OFF_T % 2147483647 == 1)
| 		      ? 1 : -1];
| int
| main ()
| {
| 
|   ;
|   return 0;
| }
configure:4152: result: unknown
configure:4178: checking for arm-vita-eabi-gcc
configure:4205: result: /usr/local/vitasdk/bin/arm-vita-eabi-gcc
configure:4474: checking for C compiler version
configure:4483: /usr/local/vitasdk/bin/arm-vita-eabi-gcc --version >&5
arm-vita-eabi-gcc (GNU Tools for ARM Embedded Processors) 10.1.0
Copyright (C) 2020 Free Software Foundation, Inc.
This is free software; see the source for copying conditions.  There is NO
warranty; not even for MERCHANTABILITY or FITNESS FOR A PARTICULAR PURPOSE.

configure:4494: $? = 0
configure:4483: /usr/local/vitasdk/bin/arm-vita-eabi-gcc -v >&5
Using built-in specs.
COLLECT_GCC=/usr/local/vitasdk/bin/arm-vita-eabi-gcc
COLLECT_LTO_WRAPPER=/usr/local/vitasdk/bin/../lib/gcc/arm-vita-eabi/10.1.0/lto-wrapper
Target: arm-vita-eabi
Configured with: /home/travis/build/vitasdk/autobuilds/buildscripts/build/gcc-final-prefix/src/gcc-final/configure --build=x86_64-linux-gnu --host=x86_64-linux-gnu --target=arm-vita-eabi --prefix=/home/travis/build/vitasdk/autobuilds/buildscripts/build/vitasdk --libdir=/home/travis/build/vitasdk/autobuilds/buildscripts/build/vitasdk/lib --libexecdir=/home/travis/build/vitasdk/autobuilds/buildscripts/build/vitasdk/lib --with-sysroot=/home/travis/build/vitasdk/autobuilds/buildscripts/build/vitasdk/arm-vita-eabi --with-gmp=/home/travis/build/vitasdk/autobuilds/buildscripts/build/deps_build --with-mpfr=/home/travis/build/vitasdk/autobuilds/buildscripts/build/deps_build --with-mpc=/home/travis/build/vitasdk/autobuilds/buildscripts/build/deps_build --with-isl=/home/travis/build/vitasdk/autobuilds/buildscripts/build/deps_build --with-libelf=/home/travis/build/vitasdk/autobuilds/buildscripts/build/deps_build --with-python-dir=share/gcc-arm-vita-eabi --enable-languages=c,c++ --disable-decimal-float --disable-libffi --disable-libgomp --disable-libmudflap --disable-libquadmath --disable-libssp --disable-libstdcxx-pch --disable-nls --disable-shared --disable-tls --with-gnu-as --with-gnu-ld --with-newlib --disable-multilib --with-arch=armv7-a --with-tune=cortex-a9 --with-fpu=neon --with-float=hard --with-mode=thumb --with-pkgversion='GNU Tools for ARM Embedded Processors' --with-host-libstdcxx='-static-libgcc -Wl,-Bstatic,-lstdc++,-Bdynamic -lm' --with-headers=yes --enable-threads=posix CFLAGS=-DNO_IMPLICIT_EXTERN_C CXXFLAGS=-DNO_IMPLICIT_EXTERN_C
Thread model: posix
Supported LTO compression algorithms: zlib
gcc version 10.1.0 (GNU Tools for ARM Embedded Processors) 
configure:4494: $? = 0
configure:4483: /usr/local/vitasdk/bin/arm-vita-eabi-gcc -V >&5
arm-vita-eabi-gcc: error: unrecognized command-line option '-V'
arm-vita-eabi-gcc: fatal error: no input files
compilation terminated.
configure:4494: $? = 1
configure:4483: /usr/local/vitasdk/bin/arm-vita-eabi-gcc -qversion >&5
arm-vita-eabi-gcc: error: unrecognized command-line option '-qversion'; did you mean '--version'?
arm-vita-eabi-gcc: fatal error: no input files
compilation terminated.
configure:4494: $? = 1
configure:4498: checking whether we are using the GNU C compiler
configure:4526: result: yes
configure:4535: checking whether /usr/local/vitasdk/bin/arm-vita-eabi-gcc accepts -g
configure:4596: result: yes
configure:4613: checking for /usr/local/vitasdk/bin/arm-vita-eabi-gcc option to accept ISO C89
configure:4689: result: none needed
configure:4711: checking dependency style of /usr/local/vitasdk/bin/arm-vita-eabi-gcc
configure:4801: result: gcc3
configure:4821: checking for arm-vita-eabi-ranlib
configure:4837: found /usr/local/vitasdk/bin/arm-vita-eabi-ranlib
configure:4848: result: arm-vita-eabi-ranlib
configure:4986: checking build system type
configure:5000: result: x86_64-unknown-linux-gnu
configure:5020: checking host system type
configure:5033: result: arm-vita-eabi
configure:5053: checking for a sed that does not truncate output
configure:5107: result: /bin/sed
configure:5110: checking for grep that handles long lines and -e
configure:5168: result: /bin/grep
configure:5173: checking for egrep
configure:5235: result: /bin/grep -E
configure:5251: checking for ld used by /usr/local/vitasdk/bin/arm-vita-eabi-gcc
configure:5318: result: /usr/local/vitasdk/arm-vita-eabi/bin/ld
configure:5325: checking if the linker (/usr/local/vitasdk/arm-vita-eabi/bin/ld) is GNU ld
configure:5340: result: yes
configure:5345: checking for /usr/local/vitasdk/arm-vita-eabi/bin/ld option to reload object files
configure:5352: result: -r
configure:5370: checking for BSD-compatible nm
configure:5419: result: /usr/local/vitasdk/bin/arm-vita-eabi-nm -B
configure:5423: checking whether ln -s works
configure:5427: result: yes
configure:5434: checking how to recognise dependent libraries
configure:5610: result: unknown
configure:5818: checking how to run the C preprocessor
configure:5888: result: /usr/local/vitasdk/bin/arm-vita-eabi-cpp
configure:5908: /usr/local/vitasdk/bin/arm-vita-eabi-cpp  conftest.c
configure:5908: $? = 0
configure:5922: /usr/local/vitasdk/bin/arm-vita-eabi-cpp  conftest.c
conftest.c:11:10: fatal error: ac_nonexistent.h: No such file or directory
   11 | #include <ac_nonexistent.h>
      |          ^~~~~~~~~~~~~~~~~~
compilation terminated.
configure:5922: $? = 1
configure: failed program was:
| /* confdefs.h */
| #define PACKAGE_NAME "sqlite"
| #define PACKAGE_TARNAME "sqlite"
| #define PACKAGE_VERSION "3.6.23.1"
| #define PACKAGE_STRING "sqlite 3.6.23.1"
| #define PACKAGE_BUGREPORT "http://www.sqlite.org"
| #define PACKAGE_URL ""
| #define PACKAGE "sqlite"
| #define VERSION "3.6.23.1"
| /* end confdefs.h.  */
| #include <ac_nonexistent.h>
configure:5951: checking for ANSI C header files
configure:5971: /usr/local/vitasdk/bin/arm-vita-eabi-gcc -c -g -O2  conftest.c >&5
configure:5971: $? = 0
configure:6055: result: yes
configure:6068: checking for sys/types.h
configure:6068: /usr/local/vitasdk/bin/arm-vita-eabi-gcc -c -g -O2  conftest.c >&5
configure:6068: $? = 0
configure:6068: result: yes
configure:6068: checking for sys/stat.h
configure:6068: /usr/local/vitasdk/bin/arm-vita-eabi-gcc -c -g -O2  conftest.c >&5
configure:6068: $? = 0
configure:6068: result: yes
configure:6068: checking for stdlib.h
configure:6068: /usr/local/vitasdk/bin/arm-vita-eabi-gcc -c -g -O2  conftest.c >&5
configure:6068: $? = 0
configure:6068: result: yes
configure:6068: checking for string.h
configure:6068: /usr/local/vitasdk/bin/arm-vita-eabi-gcc -c -g -O2  conftest.c >&5
configure:6068: $? = 0
configure:6068: result: yes
configure:6068: checking for memory.h
configure:6068: /usr/local/vitasdk/bin/arm-vita-eabi-gcc -c -g -O2  conftest.c >&5
configure:6068: $? = 0
configure:6068: result: yes
configure:6068: checking for strings.h
configure:6068: /usr/local/vitasdk/bin/arm-vita-eabi-gcc -c -g -O2  conftest.c >&5
configure:6068: $? = 0
configure:6068: result: yes
configure:6068: checking for inttypes.h
configure:6068: /usr/local/vitasdk/bin/arm-vita-eabi-gcc -c -g -O2  conftest.c >&5
configure:6068: $? = 0
configure:6068: result: yes
configure:6068: checking for stdint.h
configure:6068: /usr/local/vitasdk/bin/arm-vita-eabi-gcc -c -g -O2  conftest.c >&5
configure:6068: $? = 0
configure:6068: result: yes
configure:6068: checking for unistd.h
configure:6068: /usr/local/vitasdk/bin/arm-vita-eabi-gcc -c -g -O2  conftest.c >&5
configure:6068: $? = 0
configure:6068: result: yes
configure:6082: checking dlfcn.h usability
configure:6082: /usr/local/vitasdk/bin/arm-vita-eabi-gcc -c -g -O2  conftest.c >&5
conftest.c:54:10: fatal error: dlfcn.h: No such file or directory
   54 | #include <dlfcn.h>
      |          ^~~~~~~~~
compilation terminated.
configure:6082: $? = 1
configure: failed program was:
| /* confdefs.h */
| #define PACKAGE_NAME "sqlite"
| #define PACKAGE_TARNAME "sqlite"
| #define PACKAGE_VERSION "3.6.23.1"
| #define PACKAGE_STRING "sqlite 3.6.23.1"
| #define PACKAGE_BUGREPORT "http://www.sqlite.org"
| #define PACKAGE_URL ""
| #define PACKAGE "sqlite"
| #define VERSION "3.6.23.1"
| #define STDC_HEADERS 1
| #define HAVE_SYS_TYPES_H 1
| #define HAVE_SYS_STAT_H 1
| #define HAVE_STDLIB_H 1
| #define HAVE_STRING_H 1
| #define HAVE_MEMORY_H 1
| #define HAVE_STRINGS_H 1
| #define HAVE_INTTYPES_H 1
| #define HAVE_STDINT_H 1
| #define HAVE_UNISTD_H 1
| /* end confdefs.h.  */
| #include <stdio.h>
| #ifdef HAVE_SYS_TYPES_H
| # include <sys/types.h>
| #endif
| #ifdef HAVE_SYS_STAT_H
| # include <sys/stat.h>
| #endif
| #ifdef STDC_HEADERS
| # include <stdlib.h>
| # include <stddef.h>
| #else
| # ifdef HAVE_STDLIB_H
| #  include <stdlib.h>
| # endif
| #endif
| #ifdef HAVE_STRING_H
| # if !defined STDC_HEADERS && defined HAVE_MEMORY_H
| #  include <memory.h>
| # endif
| # include <string.h>
| #endif
| #ifdef HAVE_STRINGS_H
| # include <strings.h>
| #endif
| #ifdef HAVE_INTTYPES_H
| # include <inttypes.h>
| #endif
| #ifdef HAVE_STDINT_H
| # include <stdint.h>
| #endif
| #ifdef HAVE_UNISTD_H
| # include <unistd.h>
| #endif
| #include <dlfcn.h>
configure:6082: result: no
configure:6082: checking dlfcn.h presence
configure:6082: /usr/local/vitasdk/bin/arm-vita-eabi-cpp  conftest.c
conftest.c:21:10: fatal error: dlfcn.h: No such file or directory
   21 | #include <dlfcn.h>
      |          ^~~~~~~~~
compilation terminated.
configure:6082: $? = 1
configure: failed program was:
| /* confdefs.h */
| #define PACKAGE_NAME "sqlite"
| #define PACKAGE_TARNAME "sqlite"
| #define PACKAGE_VERSION "3.6.23.1"
| #define PACKAGE_STRING "sqlite 3.6.23.1"
| #define PACKAGE_BUGREPORT "http://www.sqlite.org"
| #define PACKAGE_URL ""
| #define PACKAGE "sqlite"
| #define VERSION "3.6.23.1"
| #define STDC_HEADERS 1
| #define HAVE_SYS_TYPES_H 1
| #define HAVE_SYS_STAT_H 1
| #define HAVE_STDLIB_H 1
| #define HAVE_STRING_H 1
| #define HAVE_MEMORY_H 1
| #define HAVE_STRINGS_H 1
| #define HAVE_INTTYPES_H 1
| #define HAVE_STDINT_H 1
| #define HAVE_UNISTD_H 1
| /* end confdefs.h.  */
| #include <dlfcn.h>
configure:6082: result: no
configure:6082: checking for dlfcn.h
configure:6082: result: no
configure:6106: checking for arm-vita-eabi-g++
configure:6122: found /usr/local/vitasdk/bin/arm-vita-eabi-g++
configure:6133: result: arm-vita-eabi-g++
configure:6204: checking for C++ compiler version
configure:6213: arm-vita-eabi-g++ --version >&5
arm-vita-eabi-g++ (GNU Tools for ARM Embedded Processors) 10.1.0
Copyright (C) 2020 Free Software Foundation, Inc.
This is free software; see the source for copying conditions.  There is NO
warranty; not even for MERCHANTABILITY or FITNESS FOR A PARTICULAR PURPOSE.

configure:6224: $? = 0
configure:6213: arm-vita-eabi-g++ -v >&5
Using built-in specs.
COLLECT_GCC=arm-vita-eabi-g++
COLLECT_LTO_WRAPPER=/usr/local/vitasdk/bin/../lib/gcc/arm-vita-eabi/10.1.0/lto-wrapper
Target: arm-vita-eabi
Configured with: /home/travis/build/vitasdk/autobuilds/buildscripts/build/gcc-final-prefix/src/gcc-final/configure --build=x86_64-linux-gnu --host=x86_64-linux-gnu --target=arm-vita-eabi --prefix=/home/travis/build/vitasdk/autobuilds/buildscripts/build/vitasdk --libdir=/home/travis/build/vitasdk/autobuilds/buildscripts/build/vitasdk/lib --libexecdir=/home/travis/build/vitasdk/autobuilds/buildscripts/build/vitasdk/lib --with-sysroot=/home/travis/build/vitasdk/autobuilds/buildscripts/build/vitasdk/arm-vita-eabi --with-gmp=/home/travis/build/vitasdk/autobuilds/buildscripts/build/deps_build --with-mpfr=/home/travis/build/vitasdk/autobuilds/buildscripts/build/deps_build --with-mpc=/home/travis/build/vitasdk/autobuilds/buildscripts/build/deps_build --with-isl=/home/travis/build/vitasdk/autobuilds/buildscripts/build/deps_build --with-libelf=/home/travis/build/vitasdk/autobuilds/buildscripts/build/deps_build --with-python-dir=share/gcc-arm-vita-eabi --enable-languages=c,c++ --disable-decimal-float --disable-libffi --disable-libgomp --disable-libmudflap --disable-libquadmath --disable-libssp --disable-libstdcxx-pch --disable-nls --disable-shared --disable-tls --with-gnu-as --with-gnu-ld --with-newlib --disable-multilib --with-arch=armv7-a --with-tune=cortex-a9 --with-fpu=neon --with-float=hard --with-mode=thumb --with-pkgversion='GNU Tools for ARM Embedded Processors' --with-host-libstdcxx='-static-libgcc -Wl,-Bstatic,-lstdc++,-Bdynamic -lm' --with-headers=yes --enable-threads=posix CFLAGS=-DNO_IMPLICIT_EXTERN_C CXXFLAGS=-DNO_IMPLICIT_EXTERN_C
Thread model: posix
Supported LTO compression algorithms: zlib
gcc version 10.1.0 (GNU Tools for ARM Embedded Processors) 
configure:6224: $? = 0
configure:6213: arm-vita-eabi-g++ -V >&5
arm-vita-eabi-g++: error: unrecognized command-line option '-V'
arm-vita-eabi-g++: fatal error: no input files
compilation terminated.
configure:6224: $? = 1
configure:6213: arm-vita-eabi-g++ -qversion >&5
arm-vita-eabi-g++: error: unrecognized command-line option '-qversion'; did you mean '--version'?
arm-vita-eabi-g++: fatal error: no input files
compilation terminated.
configure:6224: $? = 1
configure:6228: checking whether we are using the GNU C++ compiler
configure:6247: arm-vita-eabi-g++ -c   conftest.cpp >&5
configure:6247: $? = 0
configure:6256: result: yes
configure:6265: checking whether arm-vita-eabi-g++ accepts -g
configure:6285: arm-vita-eabi-g++ -c -g  conftest.cpp >&5
configure:6285: $? = 0
configure:6326: result: yes
configure:6351: checking dependency style of arm-vita-eabi-g++
configure:6441: result: gcc3
configure:6468: checking how to run the C++ preprocessor
configure:6495: arm-vita-eabi-g++ -E  conftest.cpp
configure:6495: $? = 0
configure:6509: arm-vita-eabi-g++ -E  conftest.cpp
conftest.cpp:21:10: fatal error: ac_nonexistent.h: No such file or directory
   21 | #include <ac_nonexistent.h>
      |          ^~~~~~~~~~~~~~~~~~
compilation terminated.
configure:6509: $? = 1
configure: failed program was:
| /* confdefs.h */
| #define PACKAGE_NAME "sqlite"
| #define PACKAGE_TARNAME "sqlite"
| #define PACKAGE_VERSION "3.6.23.1"
| #define PACKAGE_STRING "sqlite 3.6.23.1"
| #define PACKAGE_BUGREPORT "http://www.sqlite.org"
| #define PACKAGE_URL ""
| #define PACKAGE "sqlite"
| #define VERSION "3.6.23.1"
| #define STDC_HEADERS 1
| #define HAVE_SYS_TYPES_H 1
| #define HAVE_SYS_STAT_H 1
| #define HAVE_STDLIB_H 1
| #define HAVE_STRING_H 1
| #define HAVE_MEMORY_H 1
| #define HAVE_STRINGS_H 1
| #define HAVE_INTTYPES_H 1
| #define HAVE_STDINT_H 1
| #define HAVE_UNISTD_H 1
| /* end confdefs.h.  */
| #include <ac_nonexistent.h>
configure:6534: result: arm-vita-eabi-g++ -E
configure:6554: arm-vita-eabi-g++ -E  conftest.cpp
configure:6554: $? = 0
configure:6568: arm-vita-eabi-g++ -E  conftest.cpp
conftest.cpp:21:10: fatal error: ac_nonexistent.h: No such file or directory
   21 | #include <ac_nonexistent.h>
      |          ^~~~~~~~~~~~~~~~~~
compilation terminated.
configure:6568: $? = 1
configure: failed program was:
| /* confdefs.h */
| #define PACKAGE_NAME "sqlite"
| #define PACKAGE_TARNAME "sqlite"
| #define PACKAGE_VERSION "3.6.23.1"
| #define PACKAGE_STRING "sqlite 3.6.23.1"
| #define PACKAGE_BUGREPORT "http://www.sqlite.org"
| #define PACKAGE_URL ""
| #define PACKAGE "sqlite"
| #define VERSION "3.6.23.1"
| #define STDC_HEADERS 1
| #define HAVE_SYS_TYPES_H 1
| #define HAVE_SYS_STAT_H 1
| #define HAVE_STDLIB_H 1
| #define HAVE_STRING_H 1
| #define HAVE_MEMORY_H 1
| #define HAVE_STRINGS_H 1
| #define HAVE_INTTYPES_H 1
| #define HAVE_STDINT_H 1
| #define HAVE_UNISTD_H 1
| /* end confdefs.h.  */
| #include <ac_nonexistent.h>
configure:6608: checking for arm-vita-eabi-g77
configure:6638: result: no
configure:6608: checking for arm-vita-eabi-xlf
configure:6638: result: no
configure:6608: checking for arm-vita-eabi-f77
configure:6638: result: no
configure:6608: checking for arm-vita-eabi-frt
configure:6638: result: no
configure:6608: checking for arm-vita-eabi-pgf77
configure:6638: result: no
configure:6608: checking for arm-vita-eabi-cf77
configure:6638: result: no
configure:6608: checking for arm-vita-eabi-fort77
configure:6638: result: no
configure:6608: checking for arm-vita-eabi-fl32
configure:6638: result: no
configure:6608: checking for arm-vita-eabi-af77
configure:6638: result: no
configure:6608: checking for arm-vita-eabi-xlf90
configure:6638: result: no
configure:6608: checking for arm-vita-eabi-f90
configure:6638: result: no
configure:6608: checking for arm-vita-eabi-pgf90
configure:6638: result: no
configure:6608: checking for arm-vita-eabi-pghpf
configure:6638: result: no
configure:6608: checking for arm-vita-eabi-epcf90
configure:6638: result: no
configure:6608: checking for arm-vita-eabi-gfortran
configure:6638: result: no
configure:6608: checking for arm-vita-eabi-g95
configure:6638: result: no
configure:6608: checking for arm-vita-eabi-xlf95
configure:6638: result: no
configure:6608: checking for arm-vita-eabi-f95
configure:6638: result: no
configure:6608: checking for arm-vita-eabi-fort
configure:6638: result: no
configure:6608: checking for arm-vita-eabi-ifort
configure:6638: result: no
configure:6608: checking for arm-vita-eabi-ifc
configure:6638: result: no
configure:6608: checking for arm-vita-eabi-efc
configure:6638: result: no
configure:6608: checking for arm-vita-eabi-pgfortran
configure:6638: result: no
configure:6608: checking for arm-vita-eabi-pgf95
configure:6638: result: no
configure:6608: checking for arm-vita-eabi-lf95
configure:6638: result: no
configure:6608: checking for arm-vita-eabi-ftn
configure:6638: result: no
configure:6608: checking for arm-vita-eabi-nagfor
configure:6638: result: no
configure:6652: checking for g77
configure:6682: result: no
configure:6652: checking for xlf
configure:6682: result: no
configure:6652: checking for f77
configure:6668: found /usr/bin/f77
configure:6679: result: f77
configure:6695: WARNING: using cross tools not prefixed with host triplet
configure:6705: checking for Fortran 77 compiler version
configure:6714: f77 --version >&5
GNU Fortran (Ubuntu 9.3.0-10ubuntu2) 9.3.0
Copyright (C) 2019 Free Software Foundation, Inc.
This is free software; see the source for copying conditions.  There is NO
warranty; not even for MERCHANTABILITY or FITNESS FOR A PARTICULAR PURPOSE.

configure:6725: $? = 0
configure:6714: f77 -v >&5
Using built-in specs.
COLLECT_GCC=f77
COLLECT_LTO_WRAPPER=/usr/lib/gcc/x86_64-linux-gnu/9/lto-wrapper
OFFLOAD_TARGET_NAMES=nvptx-none:hsa
OFFLOAD_TARGET_DEFAULT=1
Target: x86_64-linux-gnu
Configured with: ../src/configure -v --with-pkgversion='Ubuntu 9.3.0-10ubuntu2' --with-bugurl=file:///usr/share/doc/gcc-9/README.Bugs --enable-languages=c,ada,c++,go,brig,d,fortran,objc,obj-c++,gm2 --prefix=/usr --with-gcc-major-version-only --program-suffix=-9 --program-prefix=x86_64-linux-gnu- --enable-shared --enable-linker-build-id --libexecdir=/usr/lib --without-included-gettext --enable-threads=posix --libdir=/usr/lib --enable-nls --enable-clocale=gnu --enable-libstdcxx-debug --enable-libstdcxx-time=yes --with-default-libstdcxx-abi=new --enable-gnu-unique-object --disable-vtable-verify --enable-plugin --enable-default-pie --with-system-zlib --with-target-system-zlib=auto --enable-objc-gc=auto --enable-multiarch --disable-werror --with-arch-32=i686 --with-abi=m64 --with-multilib-list=m32,m64,mx32 --enable-multilib --with-tune=generic --enable-offload-targets=nvptx-none,hsa --without-cuda-driver --enable-checking=release --build=x86_64-linux-gnu --host=x86_64-linux-gnu --target=x86_64-linux-gnu
Thread model: posix
gcc version 9.3.0 (Ubuntu 9.3.0-10ubuntu2) 
configure:6725: $? = 0
configure:6714: f77 -V >&5
f77: error: unrecognized command line option '-V'
f77: fatal error: no input files
compilation terminated.
configure:6725: $? = 1
configure:6714: f77 -qversion >&5
f77: error: unrecognized command line option '-qversion'; did you mean '--version'?
f77: fatal error: no input files
compilation terminated.
configure:6725: $? = 1
configure:6734: checking whether we are using the GNU Fortran 77 compiler
configure:6747: f77 -c  conftest.F >&5
configure:6747: $? = 0
configure:6756: result: yes
configure:6762: checking whether f77 accepts -g
configure:6773: f77 -c -g conftest.f >&5
configure:6773: $? = 0
configure:6781: result: yes
configure:6815: checking the maximum length of command line arguments
configure:6924: result: 32768
configure:6935: checking command to parse /usr/local/vitasdk/bin/arm-vita-eabi-nm -B output from /usr/local/vitasdk/bin/arm-vita-eabi-gcc object
configure:7040: /usr/local/vitasdk/bin/arm-vita-eabi-gcc -c -g -O2  conftest.c >&5
configure:7043: $? = 0
configure:7047: /usr/local/vitasdk/bin/arm-vita-eabi-nm -B conftest.o \| sed -n -e 's/^.*[ 	]\([ABCDGIRSTW][ABCDGIRSTW]*\)[ 	][ 	]*\([_A-Za-z][_A-Za-z0-9]*\)$/\1 \2 \2/p' \> conftest.nm
configure:7050: $? = 0
configure:7102: /usr/local/vitasdk/bin/arm-vita-eabi-gcc -o conftest -g -O2   conftest.c conftstm.o >&5
configure:7105: $? = 0
configure:7143: result: ok
configure:7147: checking for objdir
configure:7162: result: .libs
configure:7214: checking for arm-vita-eabi-ar
configure:7230: found /usr/local/vitasdk/bin/arm-vita-eabi-ar
configure:7241: result: arm-vita-eabi-ar
configure:7306: checking for arm-vita-eabi-ranlib
configure:7333: result: arm-vita-eabi-ranlib
configure:7398: checking for arm-vita-eabi-strip
configure:7425: result: arm-vita-eabi-strip
configure:7747: checking if /usr/local/vitasdk/bin/arm-vita-eabi-gcc supports -fno-rtti -fno-exceptions
configure:7796: /usr/local/vitasdk/bin/arm-vita-eabi-gcc -c -g -O2  -fno-rtti -fno-exceptions conftest.c >&5
cc1: warning: command-line option '-fno-rtti' is valid for C++/D/ObjC++ but not for C
configure:7800: $? = 0
configure:7782: result: no
configure:7772: checking for /usr/local/vitasdk/bin/arm-vita-eabi-gcc option to produce PIC
configure:7982: result: -fPIC
configure:7990: checking if /usr/local/vitasdk/bin/arm-vita-eabi-gcc PIC flag -fPIC works
configure:8064: /usr/local/vitasdk/bin/arm-vita-eabi-gcc -c -g -O2  -fPIC -DPIC conftest.c >&5
configure:8068: $? = 0
configure:8025: result: yes
configure:8024: checking if /usr/local/vitasdk/bin/arm-vita-eabi-gcc static flag -static works
configure:8052: result: yes
configure:8062: checking if /usr/local/vitasdk/bin/arm-vita-eabi-gcc supports -c -o file.o
configure:8168: /usr/local/vitasdk/bin/arm-vita-eabi-gcc -c -g -O2  -o out/conftest2.o conftest.c >&5
configure:8172: $? = 0
configure:8085: result: yes
configure:8111: checking whether the /usr/local/vitasdk/bin/arm-vita-eabi-gcc linker (/usr/local/vitasdk/arm-vita-eabi/bin/ld) supports shared libraries
configure:9011: result: yes
configure:9078: checking dynamic linker characteristics
configure:9666: result: no
configure:9675: checking how to hardcode library paths into programs
configure:9700: result: immediate
configure:9714: checking whether stripping libraries is possible
configure:9719: result: yes
configure:10235: checking if libtool supports shared libraries
configure:10237: result: no
configure:10240: checking whether to build shared libraries
configure:10261: result: no
configure:10264: checking whether to build static libraries
configure:10268: result: yes
configure:10360: creating libtool
configure:10944: checking for ld used by arm-vita-eabi-g++
configure:11011: result: /usr/local/vitasdk/arm-vita-eabi/bin/ld
configure:11018: checking if the linker (/usr/local/vitasdk/arm-vita-eabi/bin/ld) is GNU ld
configure:11033: result: yes
configure:11084: checking whether the arm-vita-eabi-g++ linker (/usr/local/vitasdk/arm-vita-eabi/bin/ld) supports shared libraries
configure:11964: result: no
configure:11982: arm-vita-eabi-g++ -c -g -O2  conftest.cpp >&5
configure:11985: $? = 0
configure:12104: checking for arm-vita-eabi-g++ option to produce PIC
configure:12378: result: -fPIC
configure:12386: checking if arm-vita-eabi-g++ PIC flag -fPIC works
configure:12513: arm-vita-eabi-g++ -c -g -O2  -fPIC -DPIC conftest.cpp >&5
configure:12517: $? = 0
configure:12421: result: yes
configure:12449: checking if arm-vita-eabi-g++ static flag -static works
configure:12477: result: yes
configure:12487: checking if arm-vita-eabi-g++ supports -c -o file.o
configure:12617: arm-vita-eabi-g++ -c -g -O2  -o out/conftest2.o conftest.cpp >&5
configure:12621: $? = 0
configure:12534: result: yes
configure:12560: checking whether the arm-vita-eabi-g++ linker (/usr/local/vitasdk/arm-vita-eabi/bin/ld) supports shared libraries
configure:12585: result: no
configure:12652: checking dynamic linker characteristics
configure:13240: result: no
configure:13249: checking how to hardcode library paths into programs
configure:13274: result: immediate
configure:13800: checking if libtool supports shared libraries
configure:13802: result: no
configure:13805: checking whether to build shared libraries
configure:13825: result: no
configure:13828: checking whether to build static libraries
configure:13832: result: yes
configure:13842: checking for f77 option to produce PIC
configure:14052: result: -fPIC
configure:14060: checking if f77 PIC flag -fPIC works
configure:14187: f77 -c -g -O2 -fPIC conftest.f >&5
configure:14191: $? = 0
configure:14095: result: yes
configure:14123: checking if f77 static flag -static works
configure:14151: result: yes
configure:14161: checking if f77 supports -c -o file.o
configure:14291: f77 -c -g -O2 -o out/conftest2.o conftest.f >&5
configure:14295: $? = 0
configure:14208: result: yes
configure:14234: checking whether the f77 linker (/usr/local/vitasdk/arm-vita-eabi/bin/ld) supports shared libraries
configure:15122: result: yes
configure:15189: checking dynamic linker characteristics
configure:15777: result: no
configure:15786: checking how to hardcode library paths into programs
configure:15811: result: immediate
configure:19315: checking for fdatasync
configure:19315: /usr/local/vitasdk/bin/arm-vita-eabi-gcc -o conftest -g -O2   conftest.c  >&5
/usr/local/vitasdk/bin/../lib/gcc/arm-vita-eabi/10.1.0/../../../../arm-vita-eabi/bin/ld: /tmp/ccR6nlUX.o: in function `main':
/home/cyee/projects/offline-installer/sqlite-3.6.23.1/conftest.c:55: undefined reference to `fdatasync'
collect2: error: ld returned 1 exit status
configure:19315: $? = 1
configure: failed program was:
| /* confdefs.h */
| #define PACKAGE_NAME "sqlite"
| #define PACKAGE_TARNAME "sqlite"
| #define PACKAGE_VERSION "3.6.23.1"
| #define PACKAGE_STRING "sqlite 3.6.23.1"
| #define PACKAGE_BUGREPORT "http://www.sqlite.org"
| #define PACKAGE_URL ""
| #define PACKAGE "sqlite"
| #define VERSION "3.6.23.1"
| #define STDC_HEADERS 1
| #define HAVE_SYS_TYPES_H 1
| #define HAVE_SYS_STAT_H 1
| #define HAVE_STDLIB_H 1
| #define HAVE_STRING_H 1
| #define HAVE_MEMORY_H 1
| #define HAVE_STRINGS_H 1
| #define HAVE_INTTYPES_H 1
| #define HAVE_STDINT_H 1
| #define HAVE_UNISTD_H 1
| /* end confdefs.h.  */
| /* Define fdatasync to an innocuous variant, in case <limits.h> declares fdatasync.
|    For example, HP-UX 11i <limits.h> declares gettimeofday.  */
| #define fdatasync innocuous_fdatasync
| 
| /* System header to define __stub macros and hopefully few prototypes,
|     which can conflict with char fdatasync (); below.
|     Prefer <limits.h> to <assert.h> if __STDC__ is defined, since
|     <limits.h> exists even on freestanding compilers.  */
| 
| #ifdef __STDC__
| # include <limits.h>
| #else
| # include <assert.h>
| #endif
| 
| #undef fdatasync
| 
| /* Override any GCC internal prototype to avoid an error.
|    Use char because int might match the return type of a GCC
|    builtin and then its argument prototype would still apply.  */
| #ifdef __cplusplus
| extern "C"
| #endif
| char fdatasync ();
| /* The GNU C library defines this for functions which it implements
|     to always fail with ENOSYS.  Some functions are actually named
|     something starting with __ and the normal name is an alias.  */
| #if defined __stub_fdatasync || defined __stub___fdatasync
| choke me
| #endif
| 
| int
| main ()
| {
| return fdatasync ();
|   ;
|   return 0;
| }
configure:19315: result: no
configure:19315: checking for usleep
configure:19315: /usr/local/vitasdk/bin/arm-vita-eabi-gcc -o conftest -g -O2   conftest.c  >&5
configure:19315: $? = 0
configure:19315: result: yes
configure:19315: checking for fullfsync
configure:19315: /usr/local/vitasdk/bin/arm-vita-eabi-gcc -o conftest -g -O2   conftest.c  >&5
/usr/local/vitasdk/bin/../lib/gcc/arm-vita-eabi/10.1.0/../../../../arm-vita-eabi/bin/ld: /tmp/cc3tASdL.o: in function `main':
/home/cyee/projects/offline-installer/sqlite-3.6.23.1/conftest.c:56: undefined reference to `fullfsync'
collect2: error: ld returned 1 exit status
configure:19315: $? = 1
configure: failed program was:
| /* confdefs.h */
| #define PACKAGE_NAME "sqlite"
| #define PACKAGE_TARNAME "sqlite"
| #define PACKAGE_VERSION "3.6.23.1"
| #define PACKAGE_STRING "sqlite 3.6.23.1"
| #define PACKAGE_BUGREPORT "http://www.sqlite.org"
| #define PACKAGE_URL ""
| #define PACKAGE "sqlite"
| #define VERSION "3.6.23.1"
| #define STDC_HEADERS 1
| #define HAVE_SYS_TYPES_H 1
| #define HAVE_SYS_STAT_H 1
| #define HAVE_STDLIB_H 1
| #define HAVE_STRING_H 1
| #define HAVE_MEMORY_H 1
| #define HAVE_STRINGS_H 1
| #define HAVE_INTTYPES_H 1
| #define HAVE_STDINT_H 1
| #define HAVE_UNISTD_H 1
| #define HAVE_USLEEP 1
| /* end confdefs.h.  */
| /* Define fullfsync to an innocuous variant, in case <limits.h> declares fullfsync.
|    For example, HP-UX 11i <limits.h> declares gettimeofday.  */
| #define fullfsync innocuous_fullfsync
| 
| /* System header to define __stub macros and hopefully few prototypes,
|     which can conflict with char fullfsync (); below.
|     Prefer <limits.h> to <assert.h> if __STDC__ is defined, since
|     <limits.h> exists even on freestanding compilers.  */
| 
| #ifdef __STDC__
| # include <limits.h>
| #else
| # include <assert.h>
| #endif
| 
| #undef fullfsync
| 
| /* Override any GCC internal prototype to avoid an error.
|    Use char because int might match the return type of a GCC
|    builtin and then its argument prototype would still apply.  */
| #ifdef __cplusplus
| extern "C"
| #endif
| char fullfsync ();
| /* The GNU C library defines this for functions which it implements
|     to always fail with ENOSYS.  Some functions are actually named
|     something starting with __ and the normal name is an alias.  */
| #if defined __stub_fullfsync || defined __stub___fullfsync
| choke me
| #endif
| 
| int
| main ()
| {
| return fullfsync ();
|   ;
|   return 0;
| }
configure:19315: result: no
configure:19315: checking for localtime_r
configure:19315: /usr/local/vitasdk/bin/arm-vita-eabi-gcc -o conftest -g -O2   conftest.c  >&5
configure:19315: $? = 0
configure:19315: result: yes
configure:19315: checking for gmtime_r
configure:19315: /usr/local/vitasdk/bin/arm-vita-eabi-gcc -o conftest -g -O2   conftest.c  >&5
configure:19315: $? = 0
configure:19315: result: yes
configure:19342: checking for library containing tgetent
configure:19373: /usr/local/vitasdk/bin/arm-vita-eabi-gcc -o conftest -g -O2   conftest.c  >&5
/usr/local/vitasdk/bin/../lib/gcc/arm-vita-eabi/10.1.0/../../../../arm-vita-eabi/bin/ld: /tmp/ccPeT6AE.o: in function `main':
/home/cyee/projects/offline-installer/sqlite-3.6.23.1/conftest.c:35: undefined reference to `tgetent'
collect2: error: ld returned 1 exit status
configure:19373: $? = 1
configure: failed program was:
| /* confdefs.h */
| #define PACKAGE_NAME "sqlite"
| #define PACKAGE_TARNAME "sqlite"
| #define PACKAGE_VERSION "3.6.23.1"
| #define PACKAGE_STRING "sqlite 3.6.23.1"
| #define PACKAGE_BUGREPORT "http://www.sqlite.org"
| #define PACKAGE_URL ""
| #define PACKAGE "sqlite"
| #define VERSION "3.6.23.1"
| #define STDC_HEADERS 1
| #define HAVE_SYS_TYPES_H 1
| #define HAVE_SYS_STAT_H 1
| #define HAVE_STDLIB_H 1
| #define HAVE_STRING_H 1
| #define HAVE_MEMORY_H 1
| #define HAVE_STRINGS_H 1
| #define HAVE_INTTYPES_H 1
| #define HAVE_STDINT_H 1
| #define HAVE_UNISTD_H 1
| #define HAVE_USLEEP 1
| #define HAVE_LOCALTIME_R 1
| #define HAVE_GMTIME_R 1
| /* end confdefs.h.  */
| 
| /* Override any GCC internal prototype to avoid an error.
|    Use char because int might match the return type of a GCC
|    builtin and then its argument prototype would still apply.  */
| #ifdef __cplusplus
| extern "C"
| #endif
| char tgetent ();
| int
| main ()
| {
| return tgetent ();
|   ;
|   return 0;
| }
configure:19373: /usr/local/vitasdk/bin/arm-vita-eabi-gcc -o conftest -g -O2   conftest.c -lcurses   >&5
/usr/local/vitasdk/bin/../lib/gcc/arm-vita-eabi/10.1.0/../../../../arm-vita-eabi/bin/ld: cannot find -lcurses
collect2: error: ld returned 1 exit status
configure:19373: $? = 1
configure: failed program was:
| /* confdefs.h */
| #define PACKAGE_NAME "sqlite"
| #define PACKAGE_TARNAME "sqlite"
| #define PACKAGE_VERSION "3.6.23.1"
| #define PACKAGE_STRING "sqlite 3.6.23.1"
| #define PACKAGE_BUGREPORT "http://www.sqlite.org"
| #define PACKAGE_URL ""
| #define PACKAGE "sqlite"
| #define VERSION "3.6.23.1"
| #define STDC_HEADERS 1
| #define HAVE_SYS_TYPES_H 1
| #define HAVE_SYS_STAT_H 1
| #define HAVE_STDLIB_H 1
| #define HAVE_STRING_H 1
| #define HAVE_MEMORY_H 1
| #define HAVE_STRINGS_H 1
| #define HAVE_INTTYPES_H 1
| #define HAVE_STDINT_H 1
| #define HAVE_UNISTD_H 1
| #define HAVE_USLEEP 1
| #define HAVE_LOCALTIME_R 1
| #define HAVE_GMTIME_R 1
| /* end confdefs.h.  */
| 
| /* Override any GCC internal prototype to avoid an error.
|    Use char because int might match the return type of a GCC
|    builtin and then its argument prototype would still apply.  */
| #ifdef __cplusplus
| extern "C"
| #endif
| char tgetent ();
| int
| main ()
| {
| return tgetent ();
|   ;
|   return 0;
| }
configure:19390: result: no
configure:19398: checking for library containing readline
configure:19429: /usr/local/vitasdk/bin/arm-vita-eabi-gcc -o conftest -g -O2   conftest.c  >&5
/usr/local/vitasdk/bin/../lib/gcc/arm-vita-eabi/10.1.0/../../../../arm-vita-eabi/bin/ld: /tmp/ccDQ3vHN.o: in function `main':
/home/cyee/projects/offline-installer/sqlite-3.6.23.1/conftest.c:35: undefined reference to `readline'
collect2: error: ld returned 1 exit status
configure:19429: $? = 1
configure: failed program was:
| /* confdefs.h */
| #define PACKAGE_NAME "sqlite"
| #define PACKAGE_TARNAME "sqlite"
| #define PACKAGE_VERSION "3.6.23.1"
| #define PACKAGE_STRING "sqlite 3.6.23.1"
| #define PACKAGE_BUGREPORT "http://www.sqlite.org"
| #define PACKAGE_URL ""
| #define PACKAGE "sqlite"
| #define VERSION "3.6.23.1"
| #define STDC_HEADERS 1
| #define HAVE_SYS_TYPES_H 1
| #define HAVE_SYS_STAT_H 1
| #define HAVE_STDLIB_H 1
| #define HAVE_STRING_H 1
| #define HAVE_MEMORY_H 1
| #define HAVE_STRINGS_H 1
| #define HAVE_INTTYPES_H 1
| #define HAVE_STDINT_H 1
| #define HAVE_UNISTD_H 1
| #define HAVE_USLEEP 1
| #define HAVE_LOCALTIME_R 1
| #define HAVE_GMTIME_R 1
| /* end confdefs.h.  */
| 
| /* Override any GCC internal prototype to avoid an error.
|    Use char because int might match the return type of a GCC
|    builtin and then its argument prototype would still apply.  */
| #ifdef __cplusplus
| extern "C"
| #endif
| char readline ();
| int
| main ()
| {
| return readline ();
|   ;
|   return 0;
| }
configure:19429: /usr/local/vitasdk/bin/arm-vita-eabi-gcc -o conftest -g -O2   conftest.c -lreadline   >&5
/usr/local/vitasdk/bin/../lib/gcc/arm-vita-eabi/10.1.0/../../../../arm-vita-eabi/bin/ld: cannot find -lreadline
collect2: error: ld returned 1 exit status
configure:19429: $? = 1
configure: failed program was:
| /* confdefs.h */
| #define PACKAGE_NAME "sqlite"
| #define PACKAGE_TARNAME "sqlite"
| #define PACKAGE_VERSION "3.6.23.1"
| #define PACKAGE_STRING "sqlite 3.6.23.1"
| #define PACKAGE_BUGREPORT "http://www.sqlite.org"
| #define PACKAGE_URL ""
| #define PACKAGE "sqlite"
| #define VERSION "3.6.23.1"
| #define STDC_HEADERS 1
| #define HAVE_SYS_TYPES_H 1
| #define HAVE_SYS_STAT_H 1
| #define HAVE_STDLIB_H 1
| #define HAVE_STRING_H 1
| #define HAVE_MEMORY_H 1
| #define HAVE_STRINGS_H 1
| #define HAVE_INTTYPES_H 1
| #define HAVE_STDINT_H 1
| #define HAVE_UNISTD_H 1
| #define HAVE_USLEEP 1
| #define HAVE_LOCALTIME_R 1
| #define HAVE_GMTIME_R 1
| /* end confdefs.h.  */
| 
| /* Override any GCC internal prototype to avoid an error.
|    Use char because int might match the return type of a GCC
|    builtin and then its argument prototype would still apply.  */
| #ifdef __cplusplus
| extern "C"
| #endif
| char readline ();
| int
| main ()
| {
| return readline ();
|   ;
|   return 0;
| }
configure:19446: result: no
configure:19458: checking for readline
configure:19458: /usr/local/vitasdk/bin/arm-vita-eabi-gcc -o conftest -g -O2   conftest.c  >&5
/usr/local/vitasdk/bin/../lib/gcc/arm-vita-eabi/10.1.0/../../../../arm-vita-eabi/bin/ld: /tmp/cc50tiIR.o: in function `main':
/home/cyee/projects/offline-installer/sqlite-3.6.23.1/conftest.c:58: undefined reference to `readline'
collect2: error: ld returned 1 exit status
configure:19458: $? = 1
configure: failed program was:
| /* confdefs.h */
| #define PACKAGE_NAME "sqlite"
| #define PACKAGE_TARNAME "sqlite"
| #define PACKAGE_VERSION "3.6.23.1"
| #define PACKAGE_STRING "sqlite 3.6.23.1"
| #define PACKAGE_BUGREPORT "http://www.sqlite.org"
| #define PACKAGE_URL ""
| #define PACKAGE "sqlite"
| #define VERSION "3.6.23.1"
| #define STDC_HEADERS 1
| #define HAVE_SYS_TYPES_H 1
| #define HAVE_SYS_STAT_H 1
| #define HAVE_STDLIB_H 1
| #define HAVE_STRING_H 1
| #define HAVE_MEMORY_H 1
| #define HAVE_STRINGS_H 1
| #define HAVE_INTTYPES_H 1
| #define HAVE_STDINT_H 1
| #define HAVE_UNISTD_H 1
| #define HAVE_USLEEP 1
| #define HAVE_LOCALTIME_R 1
| #define HAVE_GMTIME_R 1
| /* end confdefs.h.  */
| /* Define readline to an innocuous variant, in case <limits.h> declares readline.
|    For example, HP-UX 11i <limits.h> declares gettimeofday.  */
| #define readline innocuous_readline
| 
| /* System header to define __stub macros and hopefully few prototypes,
|     which can conflict with char readline (); below.
|     Prefer <limits.h> to <assert.h> if __STDC__ is defined, since
|     <limits.h> exists even on freestanding compilers.  */
| 
| #ifdef __STDC__
| # include <limits.h>
| #else
| # include <assert.h>
| #endif
| 
| #undef readline
| 
| /* Override any GCC internal prototype to avoid an error.
|    Use char because int might match the return type of a GCC
|    builtin and then its argument prototype would still apply.  */
| #ifdef __cplusplus
| extern "C"
| #endif
| char readline ();
| /* The GNU C library defines this for functions which it implements
|     to always fail with ENOSYS.  Some functions are actually named
|     something starting with __ and the normal name is an alias.  */
| #if defined __stub_readline || defined __stub___readline
| choke me
| #endif
| 
| int
| main ()
| {
| return readline ();
|   ;
|   return 0;
| }
configure:19458: result: no
configure:19486: checking for library containing pthread_create
configure:19517: /usr/local/vitasdk/bin/arm-vita-eabi-gcc -o conftest -g -O2   conftest.c  >&5
/usr/local/vitasdk/bin/../lib/gcc/arm-vita-eabi/10.1.0/../../../../arm-vita-eabi/bin/ld: /tmp/ccHKI5UW.o: in function `main':
/home/cyee/projects/offline-installer/sqlite-3.6.23.1/conftest.c:35: undefined reference to `pthread_create'
collect2: error: ld returned 1 exit status
configure:19517: $? = 1
configure: failed program was:
| /* confdefs.h */
| #define PACKAGE_NAME "sqlite"
| #define PACKAGE_TARNAME "sqlite"
| #define PACKAGE_VERSION "3.6.23.1"
| #define PACKAGE_STRING "sqlite 3.6.23.1"
| #define PACKAGE_BUGREPORT "http://www.sqlite.org"
| #define PACKAGE_URL ""
| #define PACKAGE "sqlite"
| #define VERSION "3.6.23.1"
| #define STDC_HEADERS 1
| #define HAVE_SYS_TYPES_H 1
| #define HAVE_SYS_STAT_H 1
| #define HAVE_STDLIB_H 1
| #define HAVE_STRING_H 1
| #define HAVE_MEMORY_H 1
| #define HAVE_STRINGS_H 1
| #define HAVE_INTTYPES_H 1
| #define HAVE_STDINT_H 1
| #define HAVE_UNISTD_H 1
| #define HAVE_USLEEP 1
| #define HAVE_LOCALTIME_R 1
| #define HAVE_GMTIME_R 1
| /* end confdefs.h.  */
| 
| /* Override any GCC internal prototype to avoid an error.
|    Use char because int might match the return type of a GCC
|    builtin and then its argument prototype would still apply.  */
| #ifdef __cplusplus
| extern "C"
| #endif
| char pthread_create ();
| int
| main ()
| {
| return pthread_create ();
|   ;
|   return 0;
| }
configure:19517: /usr/local/vitasdk/bin/arm-vita-eabi-gcc -o conftest -g -O2   conftest.c -lpthread   >&5
configure:19517: $? = 0
configure:19534: result: -lpthread
configure:19557: checking for library containing dlopen
configure:19588: /usr/local/vitasdk/bin/arm-vita-eabi-gcc -o conftest -g -O2   conftest.c -lpthread  >&5
/usr/local/vitasdk/bin/../lib/gcc/arm-vita-eabi/10.1.0/../../../../arm-vita-eabi/bin/ld: /tmp/cclASOFf.o: in function `main':
/home/cyee/projects/offline-installer/sqlite-3.6.23.1/conftest.c:35: undefined reference to `dlopen'
collect2: error: ld returned 1 exit status
configure:19588: $? = 1
configure: failed program was:
| /* confdefs.h */
| #define PACKAGE_NAME "sqlite"
| #define PACKAGE_TARNAME "sqlite"
| #define PACKAGE_VERSION "3.6.23.1"
| #define PACKAGE_STRING "sqlite 3.6.23.1"
| #define PACKAGE_BUGREPORT "http://www.sqlite.org"
| #define PACKAGE_URL ""
| #define PACKAGE "sqlite"
| #define VERSION "3.6.23.1"
| #define STDC_HEADERS 1
| #define HAVE_SYS_TYPES_H 1
| #define HAVE_SYS_STAT_H 1
| #define HAVE_STDLIB_H 1
| #define HAVE_STRING_H 1
| #define HAVE_MEMORY_H 1
| #define HAVE_STRINGS_H 1
| #define HAVE_INTTYPES_H 1
| #define HAVE_STDINT_H 1
| #define HAVE_UNISTD_H 1
| #define HAVE_USLEEP 1
| #define HAVE_LOCALTIME_R 1
| #define HAVE_GMTIME_R 1
| /* end confdefs.h.  */
| 
| /* Override any GCC internal prototype to avoid an error.
|    Use char because int might match the return type of a GCC
|    builtin and then its argument prototype would still apply.  */
| #ifdef __cplusplus
| extern "C"
| #endif
| char dlopen ();
| int
| main ()
| {
| return dlopen ();
|   ;
|   return 0;
| }
configure:19588: /usr/local/vitasdk/bin/arm-vita-eabi-gcc -o conftest -g -O2   conftest.c -ldl  -lpthread  >&5
/usr/local/vitasdk/bin/../lib/gcc/arm-vita-eabi/10.1.0/../../../../arm-vita-eabi/bin/ld: cannot find -ldl
collect2: error: ld returned 1 exit status
configure:19588: $? = 1
configure: failed program was:
| /* confdefs.h */
| #define PACKAGE_NAME "sqlite"
| #define PACKAGE_TARNAME "sqlite"
| #define PACKAGE_VERSION "3.6.23.1"
| #define PACKAGE_STRING "sqlite 3.6.23.1"
| #define PACKAGE_BUGREPORT "http://www.sqlite.org"
| #define PACKAGE_URL ""
| #define PACKAGE "sqlite"
| #define VERSION "3.6.23.1"
| #define STDC_HEADERS 1
| #define HAVE_SYS_TYPES_H 1
| #define HAVE_SYS_STAT_H 1
| #define HAVE_STDLIB_H 1
| #define HAVE_STRING_H 1
| #define HAVE_MEMORY_H 1
| #define HAVE_STRINGS_H 1
| #define HAVE_INTTYPES_H 1
| #define HAVE_STDINT_H 1
| #define HAVE_UNISTD_H 1
| #define HAVE_USLEEP 1
| #define HAVE_LOCALTIME_R 1
| #define HAVE_GMTIME_R 1
| /* end confdefs.h.  */
| 
| /* Override any GCC internal prototype to avoid an error.
|    Use char because int might match the return type of a GCC
|    builtin and then its argument prototype would still apply.  */
| #ifdef __cplusplus
| extern "C"
| #endif
| char dlopen ();
| int
| main ()
| {
| return dlopen ();
|   ;
|   return 0;
| }
configure:19605: result: no
configure:19616: checking for whether to support dynamic extensions
configure:19618: result: yes
configure:19806: creating ./config.status

## ---------------------- ##
## Running config.status. ##
## ---------------------- ##

This file was extended by sqlite config.status 3.6.23.1, which was
generated by GNU Autoconf 2.69.  Invocation command line was

  CONFIG_FILES    = 
  CONFIG_HEADERS  = 
  CONFIG_LINKS    = 
  CONFIG_COMMANDS = 
  $ ./config.status 

on cyee-Precision-7520

config.status:792: creating Makefile
config.status:792: creating sqlite3.pc
config.status:958: executing depfiles commands

## ---------------- ##
## Cache variables. ##
## ---------------- ##

ac_cv_build=x86_64-unknown-linux-gnu
ac_cv_c_compiler_gnu=yes
ac_cv_cxx_compiler_gnu=yes
ac_cv_env_CCC_set=
ac_cv_env_CCC_value=
ac_cv_env_CC_set=set
ac_cv_env_CC_value=/usr/local/vitasdk/bin/arm-vita-eabi-gcc
ac_cv_env_CFLAGS_set=
ac_cv_env_CFLAGS_value=
ac_cv_env_CPPFLAGS_set=
ac_cv_env_CPPFLAGS_value=
ac_cv_env_CPP_set=set
ac_cv_env_CPP_value=/usr/local/vitasdk/bin/arm-vita-eabi-cpp
ac_cv_env_CXXCPP_set=
ac_cv_env_CXXCPP_value=
ac_cv_env_CXXFLAGS_set=
ac_cv_env_CXXFLAGS_value=
ac_cv_env_CXX_set=
ac_cv_env_CXX_value=
ac_cv_env_F77_set=
ac_cv_env_F77_value=
ac_cv_env_FFLAGS_set=
ac_cv_env_FFLAGS_value=
ac_cv_env_LDFLAGS_set=
ac_cv_env_LDFLAGS_value=
ac_cv_env_LIBS_set=
ac_cv_env_LIBS_value=
ac_cv_env_build_alias_set=
ac_cv_env_build_alias_value=
ac_cv_env_host_alias_set=set
ac_cv_env_host_alias_value=arm-vita-eabi
ac_cv_env_target_alias_set=
ac_cv_env_target_alias_value=
ac_cv_f77_compiler_gnu=yes
ac_cv_func_fdatasync=no
ac_cv_func_fullfsync=no
ac_cv_func_gmtime_r=yes
ac_cv_func_localtime_r=yes
ac_cv_func_readline=no
ac_cv_func_usleep=yes
ac_cv_header_dlfcn_h=no
ac_cv_header_inttypes_h=yes
ac_cv_header_memory_h=yes
ac_cv_header_stdc=yes
ac_cv_header_stdint_h=yes
ac_cv_header_stdlib_h=yes
ac_cv_header_string_h=yes
ac_cv_header_strings_h=yes
ac_cv_header_sys_stat_h=yes
ac_cv_header_sys_types_h=yes
ac_cv_header_unistd_h=yes
ac_cv_host=arm-vita-eabi
ac_cv_objext=o
ac_cv_path_EGREP='/bin/grep -E'
ac_cv_path_GREP=/bin/grep
ac_cv_path_install='/usr/bin/install -c'
ac_cv_prog_AR=arm-vita-eabi-ar
ac_cv_prog_AWK=gawk
ac_cv_prog_CC=/usr/local/vitasdk/bin/arm-vita-eabi-gcc
ac_cv_prog_CPP=/usr/local/vitasdk/bin/arm-vita-eabi-cpp
ac_cv_prog_CXX=arm-vita-eabi-g++
ac_cv_prog_CXXCPP='arm-vita-eabi-g++ -E'
ac_cv_prog_RANLIB=arm-vita-eabi-ranlib
ac_cv_prog_STRIP=arm-vita-eabi-strip
ac_cv_prog_ac_ct_F77=f77
ac_cv_prog_cc_c89=
ac_cv_prog_cc_g=yes
ac_cv_prog_cxx_g=yes
ac_cv_prog_f77_g=yes
ac_cv_prog_make_make_set=yes
ac_cv_search_dlopen=no
ac_cv_search_pthread_create=-lpthread
ac_cv_search_readline=no
ac_cv_search_tgetent=no
ac_cv_sys_file_offset_bits=unknown
ac_cv_sys_large_files=unknown
ac_cv_sys_largefile_CC=no
am_cv_CC_dependencies_compiler_type=gcc3
am_cv_CXX_dependencies_compiler_type=gcc3
lt_cv_deplibs_check_method=unknown
lt_cv_file_magic_cmd='$MAGIC_CMD'
lt_cv_file_magic_test_file=
lt_cv_ld_reload_flag=-r
lt_cv_objdir=.libs
lt_cv_path_LD=/usr/local/vitasdk/arm-vita-eabi/bin/ld
lt_cv_path_LDCXX=/usr/local/vitasdk/arm-vita-eabi/bin/ld
lt_cv_path_NM='/usr/local/vitasdk/bin/arm-vita-eabi-nm -B'
lt_cv_path_SED=/bin/sed
lt_cv_prog_compiler_c_o=yes
lt_cv_prog_compiler_c_o_CXX=yes
lt_cv_prog_compiler_c_o_F77=yes
lt_cv_prog_compiler_rtti_exceptions=no
lt_cv_prog_gnu_ld=yes
lt_cv_prog_gnu_ldcxx=yes
lt_cv_sys_global_symbol_pipe='sed -n -e '\''s/^.*[ 	]\([ABCDGIRSTW][ABCDGIRSTW]*\)[ 	][ 	]*\([_A-Za-z][_A-Za-z0-9]*\)$/\1 \2 \2/p'\'''
lt_cv_sys_global_symbol_to_c_name_address='sed -n -e '\''s/^: \([^ ]*\) $/  {\"\1\", (lt_ptr) 0},/p'\'' -e '\''s/^[BCDEGRST] \([^ ]*\) \([^ ]*\)$/  {"\2", (lt_ptr) \&\2},/p'\'''
lt_cv_sys_global_symbol_to_cdecl='sed -n -e '\''s/^. .* \(.*\)$/extern int \1;/p'\'''
lt_cv_sys_max_cmd_len=32768
lt_lt_cv_prog_compiler_c_o='"yes"'
lt_lt_cv_prog_compiler_c_o_CXX='"yes"'
lt_lt_cv_prog_compiler_c_o_F77='"yes"'
lt_lt_cv_sys_global_symbol_pipe='"sed -n -e '\''s/^.*[ 	]\\([ABCDGIRSTW][ABCDGIRSTW]*\\)[ 	][ 	]*\\([_A-Za-z][_A-Za-z0-9]*\\)\$/\\1 \\2 \\2/p'\''"'
lt_lt_cv_sys_global_symbol_to_c_name_address='"sed -n -e '\''s/^: \\([^ ]*\\) \$/  {\\\"\\1\\\", (lt_ptr) 0},/p'\'' -e '\''s/^[BCDEGRST] \\([^ ]*\\) \\([^ ]*\\)\$/  {\"\\2\", (lt_ptr) \\&\\2},/p'\''"'
lt_lt_cv_sys_global_symbol_to_cdecl='"sed -n -e '\''s/^. .* \\(.*\\)\$/extern int \\1;/p'\''"'

## ----------------- ##
## Output variables. ##
## ----------------- ##

ACLOCAL='${SHELL} /home/cyee/projects/offline-installer/sqlite-3.6.23.1/missing --run aclocal-1.9'
AMDEPBACKSLASH='\'
AMDEP_FALSE='#'
AMDEP_TRUE=''
AMTAR='${SHELL} /home/cyee/projects/offline-installer/sqlite-3.6.23.1/missing --run tar'
AR='arm-vita-eabi-ar'
AUTOCONF='${SHELL} /home/cyee/projects/offline-installer/sqlite-3.6.23.1/missing --run autoconf'
AUTOHEADER='${SHELL} /home/cyee/projects/offline-installer/sqlite-3.6.23.1/missing --run autoheader'
AUTOMAKE='${SHELL} /home/cyee/projects/offline-installer/sqlite-3.6.23.1/missing --run automake-1.9'
AWK='gawk'
BUILD_CFLAGS=''
CC='/usr/local/vitasdk/bin/arm-vita-eabi-gcc'
CCDEPMODE='depmode=gcc3'
CFLAGS='-g -O2'
CPP='/usr/local/vitasdk/bin/arm-vita-eabi-cpp'
CPPFLAGS=''
CXX='arm-vita-eabi-g++'
CXXCPP='arm-vita-eabi-g++ -E'
CXXDEPMODE='depmode=gcc3'
CXXFLAGS='-g -O2'
CYGPATH_W='echo'
DEFS='-DPACKAGE_NAME=\"sqlite\" -DPACKAGE_TARNAME=\"sqlite\" -DPACKAGE_VERSION=\"3.6.23.1\" -DPACKAGE_STRING=\"sqlite\ 3.6.23.1\" -DPACKAGE_BUGREPORT=\"http://www.sqlite.org\" -DPACKAGE_URL=\"\" -DPACKAGE=\"sqlite\" -DVERSION=\"3.6.23.1\" -DSTDC_HEADERS=1 -DHAVE_SYS_TYPES_H=1 -DHAVE_SYS_STAT_H=1 -DHAVE_STDLIB_H=1 -DHAVE_STRING_H=1 -DHAVE_MEMORY_H=1 -DHAVE_STRINGS_H=1 -DHAVE_INTTYPES_H=1 -DHAVE_STDINT_H=1 -DHAVE_UNISTD_H=1 -DHAVE_USLEEP=1 -DHAVE_LOCALTIME_R=1 -DHAVE_GMTIME_R=1'
DEPDIR='.deps'
DYNAMIC_EXTENSION_FLAGS=''
ECHO='echo'
ECHO_C=''
ECHO_N='-n'
ECHO_T=''
EGREP='/bin/grep -E'
EXEEXT=''
F77='f77'
FFLAGS='-g -O2'
GREP='/bin/grep'
INSTALL_DATA='${INSTALL} -m 644'
INSTALL_PROGRAM='${INSTALL}'
INSTALL_SCRIPT='${INSTALL}'
INSTALL_STRIP_PROGRAM='${SHELL} $(install_sh) -c -s'
LDFLAGS=''
LIBOBJS=''
LIBS='-lpthread '
LIBTOOL='$(SHELL) $(top_builddir)/libtool'
LN_S='ln -s'
LTLIBOBJS=''
MAKEINFO='${SHELL} /home/cyee/projects/offline-installer/sqlite-3.6.23.1/missing --run makeinfo'
OBJEXT='o'
PACKAGE='sqlite'
PACKAGE_BUGREPORT='http://www.sqlite.org'
PACKAGE_NAME='sqlite'
PACKAGE_STRING='sqlite 3.6.23.1'
PACKAGE_TARNAME='sqlite'
PACKAGE_URL=''
PACKAGE_VERSION='3.6.23.1'
PATH_SEPARATOR=':'
RANLIB='arm-vita-eabi-ranlib'
READLINE_LIBS=''
SET_MAKE=''
SHELL='/bin/bash'
STRIP='arm-vita-eabi-strip'
THREADSAFE_FLAGS='-DSQLITE_THREADSAFE=1'
VERSION='3.6.23.1'
ac_ct_CC=''
ac_ct_CXX=''
ac_ct_F77='f77'
am__fastdepCC_FALSE='#'
am__fastdepCC_TRUE=''
am__fastdepCXX_FALSE='#'
am__fastdepCXX_TRUE=''
am__include='include'
am__leading_dot='.'
am__quote=''
am__tar='${AMTAR} chof - "$$tardir"'
am__untar='${AMTAR} xf -'
bindir='${exec_prefix}/bin'
build='x86_64-unknown-linux-gnu'
build_alias=''
build_cpu='x86_64'
build_os='linux-gnu'
build_vendor='unknown'
datadir='${datarootdir}'
datarootdir='${prefix}/share'
docdir='${datarootdir}/doc/${PACKAGE_TARNAME}'
dvidir='${docdir}'
exec_prefix='${prefix}'
host='arm-vita-eabi'
host_alias='arm-vita-eabi'
host_cpu='arm'
host_os='eabi'
host_vendor='vita'
htmldir='${docdir}'
includedir='${prefix}/include'
infodir='${datarootdir}/info'
install_sh='/home/cyee/projects/offline-installer/sqlite-3.6.23.1/install-sh'
libdir='${exec_prefix}/lib'
libexecdir='${exec_prefix}/libexec'
localedir='${datarootdir}/locale'
localstatedir='${prefix}/var'
mandir='${datarootdir}/man'
mkdir_p='mkdir -p --'
oldincludedir='/usr/include'
pdfdir='${docdir}'
prefix='/usr/local/vitasdk/arm-vita-eabi'
program_transform_name='s,x,x,'
psdir='${docdir}'
runstatedir='${localstatedir}/run'
sbindir='${exec_prefix}/sbin'
sharedstatedir='${prefix}/com'
sysconfdir='${prefix}/etc'
target_alias=''

## ----------- ##
## confdefs.h. ##
## ----------- ##

/* confdefs.h */
#define PACKAGE_NAME "sqlite"
#define PACKAGE_TARNAME "sqlite"
#define PACKAGE_VERSION "3.6.23.1"
#define PACKAGE_STRING "sqlite 3.6.23.1"
#define PACKAGE_BUGREPORT "http://www.sqlite.org"
#define PACKAGE_URL ""
#define PACKAGE "sqlite"
#define VERSION "3.6.23.1"
#define STDC_HEADERS 1
#define HAVE_SYS_TYPES_H 1
#define HAVE_SYS_STAT_H 1
#define HAVE_STDLIB_H 1
#define HAVE_STRING_H 1
#define HAVE_MEMORY_H 1
#define HAVE_STRINGS_H 1
#define HAVE_INTTYPES_H 1
#define HAVE_STDINT_H 1
#define HAVE_UNISTD_H 1
#define HAVE_USLEEP 1
#define HAVE_LOCALTIME_R 1
#define HAVE_GMTIME_R 1

configure: exit 0
